mode: atomic
github.com/saklani/goar/crypto/base64.go:28.42,30.2 1 7
github.com/saklani/goar/crypto/base64.go:52.51,54.2 1 0
github.com/saklani/goar/crypto/deep_hash.go:13.34,14.31 1 25
github.com/saklani/goar/crypto/deep_hash.go:14.31,21.3 6 19
github.com/saklani/goar/crypto/deep_hash.go:21.8,25.3 3 6
github.com/saklani/goar/crypto/deep_hash.go:28.55,29.19 1 23
github.com/saklani/goar/crypto/deep_hash.go:29.19,31.3 1 6
github.com/saklani/goar/crypto/deep_hash.go:32.2,35.40 4 17
github.com/saklani/goar/crypto/deep_hash.go:38.27,40.2 1 25
github.com/saklani/goar/crypto/deep_hash.go:42.31,45.31 3 6
github.com/saklani/goar/crypto/deep_hash.go:45.31,47.3 1 17
github.com/saklani/goar/crypto/deep_hash.go:48.2,48.10 1 6
github.com/saklani/goar/crypto/sha256.go:23.33,26.2 2 0
github.com/saklani/goar/crypto/sign.go:42.68,49.2 2 0
github.com/saklani/goar/crypto/utils.go:9.56,11.16 2 0
github.com/saklani/goar/crypto/utils.go:11.16,13.3 1 0
github.com/saklani/goar/crypto/utils.go:14.2,15.21 2 0
github.com/saklani/goar/crypto/utils.go:19.66,21.16 2 0
github.com/saklani/goar/crypto/utils.go:21.16,23.3 1 0
github.com/saklani/goar/crypto/utils.go:25.2,28.8 1 0
github.com/saklani/goar/crypto/utils.go:32.55,34.2 1 0
github.com/saklani/goar/crypto/verify.go:42.76,49.2 2 0
github.com/saklani/goar/tag/tag.go:58.44,60.16 2 1
github.com/saklani/goar/tag/tag.go:60.16,62.3 1 0
github.com/saklani/goar/tag/tag.go:64.2,65.16 2 1
github.com/saklani/goar/tag/tag.go:65.16,67.3 1 0
github.com/saklani/goar/tag/tag.go:69.2,71.37 2 1
github.com/saklani/goar/tag/tag.go:71.37,74.3 2 3
github.com/saklani/goar/tag/tag.go:75.2,75.19 1 1
github.com/saklani/goar/tag/tag.go:88.42,90.16 2 1
github.com/saklani/goar/tag/tag.go:90.16,92.3 1 0
github.com/saklani/goar/tag/tag.go:94.2,96.28 2 1
github.com/saklani/goar/tag/tag.go:96.28,99.3 2 3
github.com/saklani/goar/tag/tag.go:100.2,101.16 2 1
github.com/saklani/goar/tag/tag.go:101.16,103.3 1 0
github.com/saklani/goar/tag/tag.go:104.2,104.18 1 1
github.com/saklani/goar/tag/tag.go:131.45,132.20 1 0
github.com/saklani/goar/tag/tag.go:132.20,134.17 2 0
github.com/saklani/goar/tag/tag.go:134.17,136.4 1 0
github.com/saklani/goar/tag/tag.go:138.3,138.19 1 0
github.com/saklani/goar/tag/tag.go:140.2,140.17 1 0
github.com/saklani/goar/tag/tag.go:165.65,172.24 7 0
github.com/saklani/goar/tag/tag.go:172.24,174.3 1 0
github.com/saklani/goar/tag/tag.go:175.2,175.46 1 0
github.com/saklani/goar/tag/tag.go:175.46,181.17 5 0
github.com/saklani/goar/tag/tag.go:181.17,183.4 1 0
github.com/saklani/goar/tag/tag.go:184.3,185.28 2 0
github.com/saklani/goar/tag/tag.go:187.2,187.27 1 0
github.com/saklani/goar/tag/tag.go:212.46,213.21 1 0
github.com/saklani/goar/tag/tag.go:213.21,215.3 1 0
github.com/saklani/goar/tag/tag.go:216.2,217.28 2 0
github.com/saklani/goar/tag/tag.go:217.28,219.17 2 0
github.com/saklani/goar/tag/tag.go:219.17,221.4 1 0
github.com/saklani/goar/tag/tag.go:222.3,223.17 2 0
github.com/saklani/goar/tag/tag.go:223.17,225.4 1 0
github.com/saklani/goar/tag/tag.go:226.3,226.45 1 0
github.com/saklani/goar/tag/tag.go:228.2,228.18 1 0
github.com/saklani/goar/tag/tag.go:250.42,252.28 2 0
github.com/saklani/goar/tag/tag.go:252.28,254.3 1 0
github.com/saklani/goar/tag/tag.go:255.2,255.16 1 0
github.com/saklani/goar/signer/signer.go:63.29,66.16 3 2
github.com/saklani/goar/signer/signer.go:66.16,68.3 1 0
github.com/saklani/goar/signer/signer.go:69.2,70.16 2 2
github.com/saklani/goar/signer/signer.go:70.16,72.3 1 0
github.com/saklani/goar/signer/signer.go:73.2,74.16 2 2
github.com/saklani/goar/signer/signer.go:74.16,76.3 1 0
github.com/saklani/goar/signer/signer.go:77.2,77.22 1 2
github.com/saklani/goar/signer/signer.go:100.45,102.16 2 5
github.com/saklani/goar/signer/signer.go:102.16,104.3 1 1
github.com/saklani/goar/signer/signer.go:105.2,105.19 1 4
github.com/saklani/goar/signer/signer.go:128.41,130.16 2 9
github.com/saklani/goar/signer/signer.go:130.16,132.3 1 1
github.com/saklani/goar/signer/signer.go:133.2,134.16 2 8
github.com/saklani/goar/signer/signer.go:134.16,136.3 1 0
github.com/saklani/goar/signer/signer.go:137.2,138.9 2 8
github.com/saklani/goar/signer/signer.go:138.9,141.3 2 0
github.com/saklani/goar/signer/signer.go:143.2,144.16 2 8
github.com/saklani/goar/signer/signer.go:144.16,146.3 1 0
github.com/saklani/goar/signer/signer.go:147.2,148.9 2 8
github.com/saklani/goar/signer/signer.go:148.9,151.3 2 0
github.com/saklani/goar/signer/signer.go:153.2,157.8 1 8
github.com/saklani/goar/signer/signer.go:176.57,184.2 3 1
github.com/saklani/goar/signer/signer.go:198.33,200.2 1 3
github.com/saklani/goar/signer/signer.go:222.33,225.16 3 1
github.com/saklani/goar/signer/signer.go:225.16,227.3 1 0
github.com/saklani/goar/signer/signer.go:228.2,229.16 2 1
github.com/saklani/goar/signer/signer.go:229.16,231.3 1 0
github.com/saklani/goar/signer/signer.go:232.2,233.16 2 1
github.com/saklani/goar/signer/signer.go:233.16,235.3 1 0
github.com/saklani/goar/signer/signer.go:236.2,236.18 1 1
github.com/saklani/goar/transaction/merkle.go:55.47,57.16 2 2
github.com/saklani/goar/transaction/merkle.go:57.16,59.3 1 0
github.com/saklani/goar/transaction/merkle.go:60.2,61.16 2 2
github.com/saklani/goar/transaction/merkle.go:61.16,63.3 1 0
github.com/saklani/goar/transaction/merkle.go:64.2,65.16 2 2
github.com/saklani/goar/transaction/merkle.go:65.16,67.3 1 0
github.com/saklani/goar/transaction/merkle.go:68.2,68.22 1 2
github.com/saklani/goar/transaction/merkle.go:96.65,98.16 2 6
github.com/saklani/goar/transaction/merkle.go:98.16,100.3 1 0
github.com/saklani/goar/transaction/merkle.go:101.2,102.16 2 6
github.com/saklani/goar/transaction/merkle.go:102.16,104.3 1 0
github.com/saklani/goar/transaction/merkle.go:105.2,106.16 2 6
github.com/saklani/goar/transaction/merkle.go:106.16,108.3 1 0
github.com/saklani/goar/transaction/merkle.go:109.2,113.56 3 6
github.com/saklani/goar/transaction/merkle.go:113.56,116.3 2 1
github.com/saklani/goar/transaction/merkle.go:118.2,122.8 1 6
github.com/saklani/goar/transaction/merkle.go:151.46,157.34 4 8
github.com/saklani/goar/transaction/merkle.go:157.34,163.58 4 12
github.com/saklani/goar/transaction/merkle.go:163.58,165.4 1 0
github.com/saklani/goar/transaction/merkle.go:167.3,177.26 5 12
github.com/saklani/goar/transaction/merkle.go:180.2,186.20 3 8
github.com/saklani/goar/transaction/merkle.go:210.53,212.31 2 8
github.com/saklani/goar/transaction/merkle.go:212.31,222.3 2 20
github.com/saklani/goar/transaction/merkle.go:223.2,223.20 1 8
github.com/saklani/goar/transaction/merkle.go:246.57,247.20 1 17
github.com/saklani/goar/transaction/merkle.go:247.20,249.3 1 8
github.com/saklani/goar/transaction/merkle.go:251.2,252.37 2 9
github.com/saklani/goar/transaction/merkle.go:252.37,254.23 2 15
github.com/saklani/goar/transaction/merkle.go:254.23,256.4 1 12
github.com/saklani/goar/transaction/merkle.go:257.3,258.17 2 15
github.com/saklani/goar/transaction/merkle.go:258.17,260.4 1 0
github.com/saklani/goar/transaction/merkle.go:261.3,261.39 1 15
github.com/saklani/goar/transaction/merkle.go:263.2,263.39 1 9
github.com/saklani/goar/transaction/merkle.go:288.57,289.18 1 15
github.com/saklani/goar/transaction/merkle.go:289.18,291.3 1 3
github.com/saklani/goar/transaction/merkle.go:292.2,307.8 2 12
github.com/saklani/goar/transaction/merkle.go:332.66,334.23 2 25
github.com/saklani/goar/transaction/merkle.go:334.23,340.3 5 16
github.com/saklani/goar/transaction/merkle.go:341.2,341.25 1 25
github.com/saklani/goar/transaction/merkle.go:341.25,349.3 7 9
github.com/saklani/goar/transaction/merkle.go:351.2,351.15 1 25
github.com/saklani/goar/transaction/merkle.go:379.113,380.21 1 25
github.com/saklani/goar/transaction/merkle.go:380.21,382.3 1 0
github.com/saklani/goar/transaction/merkle.go:383.2,383.24 1 25
github.com/saklani/goar/transaction/merkle.go:383.24,385.3 1 0
github.com/saklani/goar/transaction/merkle.go:386.2,386.14 1 25
github.com/saklani/goar/transaction/merkle.go:386.14,388.3 1 0
github.com/saklani/goar/transaction/merkle.go:389.2,389.38 1 25
github.com/saklani/goar/transaction/merkle.go:389.38,393.31 4 7
github.com/saklani/goar/transaction/merkle.go:393.31,400.4 1 7
github.com/saklani/goar/transaction/merkle.go:401.3,401.41 1 0
github.com/saklani/goar/transaction/merkle.go:403.2,414.45 10 18
github.com/saklani/goar/transaction/merkle.go:414.45,415.20 1 17
github.com/saklani/goar/transaction/merkle.go:415.20,423.4 1 11
github.com/saklani/goar/transaction/merkle.go:424.3,430.4 1 6
github.com/saklani/goar/transaction/merkle.go:432.2,432.41 1 1
github.com/saklani/goar/transaction/merkle.go:455.34,457.24 2 9
github.com/saklani/goar/transaction/merkle.go:457.24,458.19 1 15
github.com/saklani/goar/transaction/merkle.go:458.19,460.4 1 5
github.com/saklani/goar/transaction/merkle.go:460.9,462.4 1 10
github.com/saklani/goar/transaction/merkle.go:464.2,464.15 1 9
github.com/saklani/goar/transaction/transaction.go:46.85,47.17 1 7
github.com/saklani/goar/transaction/transaction.go:47.17,49.3 1 5
github.com/saklani/goar/transaction/transaction.go:50.2,50.20 1 7
github.com/saklani/goar/transaction/transaction.go:50.20,52.3 1 2
github.com/saklani/goar/transaction/transaction.go:53.2,53.17 1 7
github.com/saklani/goar/transaction/transaction.go:53.17,55.3 1 1
github.com/saklani/goar/transaction/transaction.go:56.2,63.3 1 7
github.com/saklani/goar/transaction/transaction.go:88.53,90.16 2 2
github.com/saklani/goar/transaction/transaction.go:90.16,92.3 1 0
github.com/saklani/goar/transaction/transaction.go:93.2,94.16 2 2
github.com/saklani/goar/transaction/transaction.go:94.16,96.3 1 0
github.com/saklani/goar/transaction/transaction.go:97.2,99.12 3 2
github.com/saklani/goar/transaction/transaction.go:120.39,122.16 2 2
github.com/saklani/goar/transaction/transaction.go:122.16,124.3 1 0
github.com/saklani/goar/transaction/transaction.go:125.2,126.16 2 2
github.com/saklani/goar/transaction/transaction.go:126.16,128.3 1 0
github.com/saklani/goar/transaction/transaction.go:129.2,130.16 2 2
github.com/saklani/goar/transaction/transaction.go:130.16,132.3 1 0
github.com/saklani/goar/transaction/transaction.go:133.2,133.62 1 2
github.com/saklani/goar/transaction/transaction.go:155.59,156.20 1 4
github.com/saklani/goar/transaction/transaction.go:156.20,158.3 1 0
github.com/saklani/goar/transaction/transaction.go:159.2,160.16 2 4
github.com/saklani/goar/transaction/transaction.go:160.16,162.3 1 0
github.com/saklani/goar/transaction/transaction.go:163.2,164.16 2 4
github.com/saklani/goar/transaction/transaction.go:164.16,166.3 1 0
github.com/saklani/goar/transaction/transaction.go:168.2,169.16 2 4
github.com/saklani/goar/transaction/transaction.go:169.16,171.3 1 0
github.com/saklani/goar/transaction/transaction.go:173.2,174.16 2 4
github.com/saklani/goar/transaction/transaction.go:174.16,176.3 1 0
github.com/saklani/goar/transaction/transaction.go:178.2,179.16 2 4
github.com/saklani/goar/transaction/transaction.go:179.16,181.3 1 0
github.com/saklani/goar/transaction/transaction.go:183.2,184.16 2 4
github.com/saklani/goar/transaction/transaction.go:184.16,186.3 1 0
github.com/saklani/goar/transaction/transaction.go:188.2,189.16 2 4
github.com/saklani/goar/transaction/transaction.go:189.16,191.3 1 0
github.com/saklani/goar/transaction/transaction.go:193.2,207.27 4 4
github.com/saklani/goar/transaction/types.go:137.78,138.25 1 7
github.com/saklani/goar/transaction/types.go:138.25,140.3 1 0
github.com/saklani/goar/transaction/types.go:141.2,150.8 3 7
github.com/saklani/goar/transaction/types.go:178.57,179.19 1 6
github.com/saklani/goar/transaction/types.go:179.19,181.17 2 6
github.com/saklani/goar/transaction/types.go:181.17,183.4 1 0
github.com/saklani/goar/transaction/types.go:184.3,186.35 3 6
github.com/saklani/goar/transaction/types.go:187.8,194.3 2 0
github.com/saklani/goar/transaction/types.go:195.2,195.12 1 6
github.com/saklani/goar/transaction/utils.go:21.35,23.43 2 57
github.com/saklani/goar/transaction/utils.go:23.43,27.3 3 1824
github.com/saklani/goar/transaction/utils.go:28.2,28.18 1 57
github.com/saklani/goar/transaction/utils.go:46.26,48.2 1 15
github.com/saklani/goar/transaction/utils.go:65.35,67.30 2 18
github.com/saklani/goar/transaction/utils.go:67.30,69.3 1 576
github.com/saklani/goar/transaction/utils.go:70.2,70.14 1 18
github.com/saklani/goar/transaction/bundle/bundle.go:12.53,16.16 3 0
github.com/saklani/goar/transaction/bundle/bundle.go:16.16,18.3 1 0
github.com/saklani/goar/transaction/bundle/bundle.go:20.2,27.25 6 0
github.com/saklani/goar/transaction/bundle/bundle.go:27.25,31.17 4 0
github.com/saklani/goar/transaction/bundle/bundle.go:31.17,33.4 1 0
github.com/saklani/goar/transaction/bundle/bundle.go:34.3,38.52 4 0
github.com/saklani/goar/transaction/bundle/bundle.go:41.2,46.15 6 0
github.com/saklani/goar/transaction/bundle/bundle.go:50.43,52.20 1 1
github.com/saklani/goar/transaction/bundle/bundle.go:52.20,54.3 1 0
github.com/saklani/goar/transaction/bundle/bundle.go:55.2,61.25 4 1
github.com/saklani/goar/transaction/bundle/bundle.go:61.25,65.17 4 1
github.com/saklani/goar/transaction/bundle/bundle.go:65.17,67.4 1 0
github.com/saklani/goar/transaction/bundle/bundle.go:68.3,69.26 2 1
github.com/saklani/goar/transaction/bundle/bundle.go:71.2,71.20 1 1
github.com/saklani/goar/transaction/bundle/bundle.go:74.40,76.20 1 0
github.com/saklani/goar/transaction/bundle/bundle.go:76.20,78.3 1 0
github.com/saklani/goar/transaction/bundle/bundle.go:79.2,81.25 3 0
github.com/saklani/goar/transaction/bundle/bundle.go:81.25,83.3 1 0
github.com/saklani/goar/transaction/bundle/bundle.go:84.2,84.47 1 0
github.com/saklani/goar/transaction/bundle/utils.go:10.71,13.30 2 1
github.com/saklani/goar/transaction/bundle/utils.go:13.30,15.17 2 1
github.com/saklani/goar/transaction/bundle/utils.go:15.17,17.4 1 0
github.com/saklani/goar/transaction/bundle/utils.go:19.3,21.75 3 1
github.com/saklani/goar/transaction/bundle/utils.go:23.2,23.22 1 1
github.com/saklani/goar/transaction/bundle/utils.go:26.54,29.36 3 2
github.com/saklani/goar/transaction/bundle/utils.go:29.36,35.3 5 2
github.com/saklani/goar/transaction/bundle/utils.go:36.2,36.19 1 2
github.com/saklani/goar/transaction/bundle/utils.go:39.41,41.38 2 3
github.com/saklani/goar/transaction/bundle/utils.go:41.38,45.3 3 96
github.com/saklani/goar/transaction/bundle/utils.go:46.2,46.18 1 3
github.com/saklani/goar/transaction/bundle/utils.go:49.36,51.35 2 6
github.com/saklani/goar/transaction/bundle/utils.go:51.35,53.3 1 192
github.com/saklani/goar/transaction/bundle/utils.go:54.2,54.14 1 6
github.com/saklani/goar/transaction/data_item/data_item.go:20.83,21.17 1 6
github.com/saklani/goar/transaction/data_item/data_item.go:21.17,23.3 1 0
github.com/saklani/goar/transaction/data_item/data_item.go:24.2,29.3 1 6
github.com/saklani/goar/transaction/data_item/data_item.go:33.44,35.11 2 4
github.com/saklani/goar/transaction/data_item/data_item.go:35.11,37.3 1 0
github.com/saklani/goar/transaction/data_item/data_item.go:39.2,40.16 2 4
github.com/saklani/goar/transaction/data_item/data_item.go:40.16,42.3 1 0
github.com/saklani/goar/transaction/data_item/data_item.go:44.2,58.16 13 4
github.com/saklani/goar/transaction/data_item/data_item.go:58.16,60.3 1 0
github.com/saklani/goar/transaction/data_item/data_item.go:61.2,73.8 2 4
github.com/saklani/goar/transaction/data_item/data_item.go:76.49,79.16 3 6
github.com/saklani/goar/transaction/data_item/data_item.go:79.16,81.3 1 0
github.com/saklani/goar/transaction/data_item/data_item.go:83.2,84.16 2 6
github.com/saklani/goar/transaction/data_item/data_item.go:84.16,86.3 1 0
github.com/saklani/goar/transaction/data_item/data_item.go:88.2,89.16 2 6
github.com/saklani/goar/transaction/data_item/data_item.go:89.16,91.3 1 0
github.com/saklani/goar/transaction/data_item/data_item.go:93.2,94.16 2 6
github.com/saklani/goar/transaction/data_item/data_item.go:94.16,96.3 1 0
github.com/saklani/goar/transaction/data_item/data_item.go:97.2,100.16 3 6
github.com/saklani/goar/transaction/data_item/data_item.go:100.16,102.3 1 0
github.com/saklani/goar/transaction/data_item/data_item.go:103.2,104.16 2 6
github.com/saklani/goar/transaction/data_item/data_item.go:104.16,106.3 1 0
github.com/saklani/goar/transaction/data_item/data_item.go:108.2,113.20 5 6
github.com/saklani/goar/transaction/data_item/data_item.go:113.20,115.3 1 3
github.com/saklani/goar/transaction/data_item/data_item.go:115.8,117.3 1 3
github.com/saklani/goar/transaction/data_item/data_item.go:118.2,120.20 2 6
github.com/saklani/goar/transaction/data_item/data_item.go:120.20,122.3 1 3
github.com/saklani/goar/transaction/data_item/data_item.go:122.8,124.3 1 3
github.com/saklani/goar/transaction/data_item/data_item.go:125.2,141.12 15 6
github.com/saklani/goar/transaction/data_item/data_item.go:144.35,147.16 2 3
github.com/saklani/goar/transaction/data_item/data_item.go:147.16,149.3 1 0
github.com/saklani/goar/transaction/data_item/data_item.go:151.2,154.16 3 3
github.com/saklani/goar/transaction/data_item/data_item.go:154.16,156.3 1 0
github.com/saklani/goar/transaction/data_item/data_item.go:158.2,159.16 2 3
github.com/saklani/goar/transaction/data_item/data_item.go:159.16,161.3 1 0
github.com/saklani/goar/transaction/data_item/data_item.go:163.2,164.16 2 3
github.com/saklani/goar/transaction/data_item/data_item.go:164.16,166.3 1 0
github.com/saklani/goar/transaction/data_item/data_item.go:167.2,168.16 2 3
github.com/saklani/goar/transaction/data_item/data_item.go:168.16,170.3 1 0
github.com/saklani/goar/transaction/data_item/data_item.go:173.2,173.29 1 3
github.com/saklani/goar/transaction/data_item/data_item.go:173.29,175.3 1 0
github.com/saklani/goar/transaction/data_item/data_item.go:177.2,177.28 1 3
github.com/saklani/goar/transaction/data_item/data_item.go:177.28,178.75 1 5
github.com/saklani/goar/transaction/data_item/data_item.go:178.75,180.4 1 0
github.com/saklani/goar/transaction/data_item/data_item.go:181.3,181.79 1 5
github.com/saklani/goar/transaction/data_item/data_item.go:181.79,183.4 1 0
github.com/saklani/goar/transaction/data_item/data_item.go:186.2,186.32 1 3
github.com/saklani/goar/transaction/data_item/data_item.go:186.32,188.3 1 0
github.com/saklani/goar/transaction/data_item/data_item.go:189.2,189.12 1 3
github.com/saklani/goar/transaction/data_item/utils.go:48.58,50.28 2 4
github.com/saklani/goar/transaction/data_item/utils.go:50.28,53.3 2 1
github.com/saklani/goar/transaction/data_item/utils.go:54.2,54.29 1 4
github.com/saklani/goar/transaction/data_item/utils.go:57.58,59.28 2 4
github.com/saklani/goar/transaction/data_item/utils.go:59.28,62.3 2 1
github.com/saklani/goar/transaction/data_item/utils.go:63.2,63.29 1 4
github.com/saklani/goar/transaction/data_item/utils.go:65.113,68.9 3 4
github.com/saklani/goar/transaction/data_item/utils.go:68.9,70.3 1 0
github.com/saklani/goar/transaction/data_item/utils.go:71.2,74.8 4 4
github.com/saklani/goar/transaction/data_item/utils.go:78.55,80.16 2 9
github.com/saklani/goar/transaction/data_item/utils.go:80.16,82.3 1 0
github.com/saklani/goar/transaction/data_item/utils.go:84.2,85.16 2 9
github.com/saklani/goar/transaction/data_item/utils.go:85.16,87.3 1 0
github.com/saklani/goar/transaction/data_item/utils.go:88.2,91.16 3 9
github.com/saklani/goar/transaction/data_item/utils.go:91.16,93.3 1 0
github.com/saklani/goar/transaction/data_item/utils.go:94.2,95.16 2 9
github.com/saklani/goar/transaction/data_item/utils.go:95.16,97.3 1 0
github.com/saklani/goar/transaction/data_item/utils.go:99.2,110.30 3 9
github.com/saklani/goar/uploader/uploader.go:99.86,112.2 1 5
github.com/saklani/goar/uploader/uploader.go:136.56,137.42 1 0
github.com/saklani/goar/uploader/uploader.go:137.42,139.17 2 0
github.com/saklani/goar/uploader/uploader.go:139.17,141.4 1 0
github.com/saklani/goar/uploader/uploader.go:142.3,144.32 3 0
github.com/saklani/goar/uploader/uploader.go:144.32,147.4 2 0
github.com/saklani/goar/uploader/uploader.go:148.3,148.13 1 0
github.com/saklani/goar/uploader/uploader.go:149.8,154.17 4 0
github.com/saklani/goar/uploader/uploader.go:154.17,156.4 1 0
github.com/saklani/goar/uploader/uploader.go:157.3,159.32 3 0
github.com/saklani/goar/uploader/uploader.go:159.32,162.4 2 0
github.com/saklani/goar/uploader/uploader.go:163.3,163.13 1 0
github.com/saklani/goar/uploader/uploader.go:198.66,199.74 1 0
github.com/saklani/goar/uploader/uploader.go:199.74,201.3 1 0
github.com/saklani/goar/uploader/uploader.go:203.2,203.32 1 0
github.com/saklani/goar/uploader/uploader.go:203.32,205.3 1 0
github.com/saklani/goar/uploader/uploader.go:205.8,207.3 1 0
github.com/saklani/goar/uploader/uploader.go:209.2,209.27 1 0
github.com/saklani/goar/uploader/uploader.go:209.27,211.3 1 0
github.com/saklani/goar/uploader/uploader.go:213.2,214.32 2 0
github.com/saklani/goar/uploader/uploader.go:214.32,216.3 1 0
github.com/saklani/goar/uploader/uploader.go:218.2,218.15 1 0
github.com/saklani/goar/uploader/uploader.go:218.15,221.3 2 0
github.com/saklani/goar/uploader/uploader.go:223.2,223.18 1 0
github.com/saklani/goar/uploader/uploader.go:223.18,225.3 1 0
github.com/saklani/goar/uploader/uploader.go:227.2,228.16 2 0
github.com/saklani/goar/uploader/uploader.go:228.16,230.3 1 0
github.com/saklani/goar/uploader/uploader.go:232.2,236.34 4 0
github.com/saklani/goar/uploader/uploader.go:236.34,238.3 1 0
github.com/saklani/goar/uploader/uploader.go:238.8,239.17 1 0
github.com/saklani/goar/uploader/uploader.go:239.17,241.4 1 0
github.com/saklani/goar/uploader/uploader.go:242.3,242.71 1 0
github.com/saklani/goar/uploader/uploader.go:242.71,244.4 1 0
github.com/saklani/goar/uploader/uploader.go:246.2,246.12 1 0
github.com/saklani/goar/examples/send_bundle.go:11.19,13.16 2 0
github.com/saklani/goar/examples/send_bundle.go:13.16,15.3 1 0
github.com/saklani/goar/examples/send_bundle.go:16.2,19.26 3 0
github.com/saklani/goar/examples/send_bundle.go:19.26,22.17 3 0
github.com/saklani/goar/examples/send_bundle.go:22.17,24.4 1 0
github.com/saklani/goar/examples/send_bundle.go:25.3,25.36 1 0
github.com/saklani/goar/examples/send_bundle.go:28.2,29.16 2 0
github.com/saklani/goar/examples/send_bundle.go:29.16,31.3 1 0
github.com/saklani/goar/examples/send_bundle.go:33.2,35.16 3 0
github.com/saklani/goar/examples/send_bundle.go:35.16,37.3 1 0
github.com/saklani/goar/examples/send_bundle.go:38.2,39.16 2 0
github.com/saklani/goar/examples/send_bundle.go:39.16,41.3 1 0
github.com/saklani/goar/examples/send_data.go:9.17,11.16 2 0
github.com/saklani/goar/examples/send_data.go:11.16,13.3 1 0
github.com/saklani/goar/examples/send_data.go:15.2,18.16 4 0
github.com/saklani/goar/examples/send_data.go:18.16,20.3 1 0
github.com/saklani/goar/examples/send_data.go:21.2,22.16 2 0
github.com/saklani/goar/examples/send_data.go:22.16,24.3 1 0
github.com/saklani/goar/examples/send_transaction.go:9.24,11.16 2 0
github.com/saklani/goar/examples/send_transaction.go:11.16,13.3 1 0
github.com/saklani/goar/examples/send_transaction.go:15.2,18.16 4 0
github.com/saklani/goar/examples/send_transaction.go:18.16,20.3 1 0
github.com/saklani/goar/examples/send_transaction.go:21.2,22.16 2 0
github.com/saklani/goar/examples/send_transaction.go:22.16,24.3 1 0
github.com/saklani/goar/client/client.go:63.34,68.2 1 0
github.com/saklani/goar/client/client.go:90.82,92.16 2 0
github.com/saklani/goar/client/client.go:92.16,94.3 1 0
github.com/saklani/goar/client/client.go:95.2,97.16 3 0
github.com/saklani/goar/client/client.go:97.16,99.3 1 0
github.com/saklani/goar/client/client.go:100.2,100.15 1 0
github.com/saklani/goar/client/client.go:125.78,127.16 2 0
github.com/saklani/goar/client/client.go:127.16,129.3 1 0
github.com/saklani/goar/client/client.go:131.2,133.16 3 0
github.com/saklani/goar/client/client.go:133.16,135.3 1 0
github.com/saklani/goar/client/client.go:136.2,136.15 1 0
github.com/saklani/goar/client/client.go:162.79,164.16 2 0
github.com/saklani/goar/client/client.go:164.16,166.3 1 0
github.com/saklani/goar/client/client.go:167.2,167.26 1 0
github.com/saklani/goar/client/client.go:190.64,192.16 2 0
github.com/saklani/goar/client/client.go:192.16,194.3 1 0
github.com/saklani/goar/client/client.go:195.2,195.18 1 0
github.com/saklani/goar/client/client.go:219.79,222.16 3 0
github.com/saklani/goar/client/client.go:222.16,224.3 1 0
github.com/saklani/goar/client/client.go:226.2,226.26 1 0
github.com/saklani/goar/client/client.go:246.57,248.16 2 0
github.com/saklani/goar/client/client.go:248.16,250.3 1 0
github.com/saklani/goar/client/client.go:251.2,251.26 1 0
github.com/saklani/goar/client/client.go:276.78,278.16 2 0
github.com/saklani/goar/client/client.go:278.16,280.3 1 0
github.com/saklani/goar/client/client.go:281.2,281.24 1 0
github.com/saklani/goar/client/client.go:304.67,306.16 2 0
github.com/saklani/goar/client/client.go:306.16,308.3 1 0
github.com/saklani/goar/client/client.go:309.2,309.26 1 0
github.com/saklani/goar/client/client.go:332.71,334.16 2 0
github.com/saklani/goar/client/client.go:334.16,336.3 1 0
github.com/saklani/goar/client/client.go:337.2,337.26 1 0
github.com/saklani/goar/client/client.go:360.58,362.16 2 0
github.com/saklani/goar/client/client.go:362.16,364.3 1 0
github.com/saklani/goar/client/client.go:365.2,367.16 3 0
github.com/saklani/goar/client/client.go:367.16,369.3 1 0
github.com/saklani/goar/client/client.go:370.2,370.15 1 0
github.com/saklani/goar/client/client.go:393.66,395.16 2 0
github.com/saklani/goar/client/client.go:395.16,397.3 1 0
github.com/saklani/goar/client/client.go:398.2,400.16 3 0
github.com/saklani/goar/client/client.go:400.16,402.3 1 0
github.com/saklani/goar/client/client.go:403.2,403.15 1 0
github.com/saklani/goar/client/client.go:423.57,425.16 2 0
github.com/saklani/goar/client/client.go:425.16,427.3 1 0
github.com/saklani/goar/client/client.go:428.2,430.16 3 0
github.com/saklani/goar/client/client.go:430.16,432.3 1 0
github.com/saklani/goar/client/client.go:433.2,433.16 1 0
github.com/saklani/goar/client/client.go:459.78,461.16 2 0
github.com/saklani/goar/client/client.go:461.16,463.3 1 0
github.com/saklani/goar/client/client.go:464.2,464.27 1 0
github.com/saklani/goar/client/request.go:11.52,13.16 2 0
github.com/saklani/goar/client/request.go:13.16,15.3 1 0
github.com/saklani/goar/client/request.go:17.2,20.16 3 0
github.com/saklani/goar/client/request.go:20.16,22.3 1 0
github.com/saklani/goar/client/request.go:24.2,25.16 2 0
github.com/saklani/goar/client/request.go:25.16,27.3 1 0
github.com/saklani/goar/client/request.go:29.2,29.28 1 0
github.com/saklani/goar/client/request.go:29.28,31.3 1 0
github.com/saklani/goar/client/request.go:32.2,32.18 1 0
github.com/saklani/goar/client/request.go:35.66,37.16 2 0
github.com/saklani/goar/client/request.go:37.16,39.3 1 0
github.com/saklani/goar/client/request.go:41.2,43.16 3 0
github.com/saklani/goar/client/request.go:43.16,45.3 1 0
github.com/saklani/goar/client/request.go:47.2,48.16 2 0
github.com/saklani/goar/client/request.go:48.16,50.3 1 0
github.com/saklani/goar/client/request.go:51.2,52.17 2 0
github.com/saklani/goar/client/request.go:52.17,54.3 1 0
github.com/saklani/goar/client/request.go:55.2,55.18 1 0
github.com/saklani/goar/wallet/wallet.go:69.49,71.16 2 0
github.com/saklani/goar/wallet/wallet.go:71.16,73.3 1 0
github.com/saklani/goar/wallet/wallet.go:74.2,77.8 1 0
github.com/saklani/goar/wallet/wallet.go:100.61,102.16 2 0
github.com/saklani/goar/wallet/wallet.go:102.16,104.3 1 0
github.com/saklani/goar/wallet/wallet.go:106.2,106.28 1 0
github.com/saklani/goar/wallet/wallet.go:130.59,132.16 2 0
github.com/saklani/goar/wallet/wallet.go:132.16,134.3 1 0
github.com/saklani/goar/wallet/wallet.go:135.2,138.8 1 0
github.com/saklani/goar/wallet/wallet.go:163.123,165.2 1 0
github.com/saklani/goar/wallet/wallet.go:190.97,194.16 3 0
github.com/saklani/goar/wallet/wallet.go:194.16,196.3 1 0
github.com/saklani/goar/wallet/wallet.go:197.2,200.16 3 0
github.com/saklani/goar/wallet/wallet.go:200.16,202.3 1 0
github.com/saklani/goar/wallet/wallet.go:203.2,205.41 2 0
github.com/saklani/goar/wallet/wallet.go:205.41,207.3 1 0
github.com/saklani/goar/wallet/wallet.go:208.2,208.16 1 0
github.com/saklani/goar/wallet/wallet.go:229.69,230.39 1 0
github.com/saklani/goar/wallet/wallet.go:230.39,232.3 1 0
github.com/saklani/goar/wallet/wallet.go:233.2,234.16 2 0
github.com/saklani/goar/wallet/wallet.go:234.16,236.3 1 0
github.com/saklani/goar/wallet/wallet.go:237.2,237.44 1 0
github.com/saklani/goar/wallet/wallet.go:237.44,239.3 1 0
github.com/saklani/goar/wallet/wallet.go:240.2,240.12 1 0
github.com/saklani/goar/wallet/wallet.go:261.113,263.2 1 0
github.com/saklani/goar/wallet/wallet.go:284.84,285.42 1 0
github.com/saklani/goar/wallet/wallet.go:285.42,287.3 1 0
github.com/saklani/goar/wallet/wallet.go:288.2,288.16 1 0
github.com/saklani/goar/wallet/wallet.go:311.88,313.2 1 0
